<?xml version="1.0" encoding="UTF-8"?>
<testsuite xmlns:xsi="http://www.w3.org/2001/XMLSchema-instance" xsi:noNamespaceSchemaLocation="https://maven.apache.org/surefire/maven-surefire-plugin/xsd/surefire-test-report-3.0.xsd" version="3.0" name="kumu.RunCucumberTest" time="0.255" tests="6" errors="0" skipped="0" failures="0">
  <properties>
    <property name="java.specification.version" value="17"/>
    <property name="sun.jnu.encoding" value="UTF-8"/>
    <property name="java.class.path" value="/Users/guilhermenunesteixeira/dev/gnunes.dev/keith/kumu/target/test-classes:/Users/guilhermenunesteixeira/dev/gnunes.dev/keith/kumu/target/classes:/Users/guilhermenunesteixeira/.m2/repository/io/cucumber/cucumber-java/7.14.0/cucumber-java-7.14.0.jar:/Users/guilhermenunesteixeira/.m2/repository/io/cucumber/cucumber-core/7.14.0/cucumber-core-7.14.0.jar:/Users/guilhermenunesteixeira/.m2/repository/io/cucumber/cucumber-gherkin/7.14.0/cucumber-gherkin-7.14.0.jar:/Users/guilhermenunesteixeira/.m2/repository/io/cucumber/cucumber-gherkin-messages/7.14.0/cucumber-gherkin-messages-7.14.0.jar:/Users/guilhermenunesteixeira/.m2/repository/io/cucumber/gherkin/26.2.0/gherkin-26.2.0.jar:/Users/guilhermenunesteixeira/.m2/repository/io/cucumber/messages/22.0.0/messages-22.0.0.jar:/Users/guilhermenunesteixeira/.m2/repository/io/cucumber/tag-expressions/5.0.6/tag-expressions-5.0.6.jar:/Users/guilhermenunesteixeira/.m2/repository/io/cucumber/cucumber-expressions/16.1.2/cucumber-expressions-16.1.2.jar:/Users/guilhermenunesteixeira/.m2/repository/io/cucumber/datatable/7.14.0/datatable-7.14.0.jar:/Users/guilhermenunesteixeira/.m2/repository/io/cucumber/cucumber-plugin/7.14.0/cucumber-plugin-7.14.0.jar:/Users/guilhermenunesteixeira/.m2/repository/io/cucumber/docstring/7.14.0/docstring-7.14.0.jar:/Users/guilhermenunesteixeira/.m2/repository/io/cucumber/html-formatter/20.4.0/html-formatter-20.4.0.jar:/Users/guilhermenunesteixeira/.m2/repository/io/cucumber/junit-xml-formatter/0.2.0/junit-xml-formatter-0.2.0.jar:/Users/guilhermenunesteixeira/.m2/repository/io/cucumber/ci-environment/9.2.0/ci-environment-9.2.0.jar:/Users/guilhermenunesteixeira/.m2/repository/org/apiguardian/apiguardian-api/1.1.2/apiguardian-api-1.1.2.jar:/Users/guilhermenunesteixeira/.m2/repository/io/cucumber/cucumber-junit-platform-engine/7.14.0/cucumber-junit-platform-engine-7.14.0.jar:/Users/guilhermenunesteixeira/.m2/repository/org/junit/platform/junit-platform-engine/1.10.0/junit-platform-engine-1.10.0.jar:/Users/guilhermenunesteixeira/.m2/repository/org/opentest4j/opentest4j/1.3.0/opentest4j-1.3.0.jar:/Users/guilhermenunesteixeira/.m2/repository/org/junit/platform/junit-platform-commons/1.10.0/junit-platform-commons-1.10.0.jar:/Users/guilhermenunesteixeira/.m2/repository/org/junit/platform/junit-platform-suite/1.10.0/junit-platform-suite-1.10.0.jar:/Users/guilhermenunesteixeira/.m2/repository/org/junit/platform/junit-platform-suite-api/1.10.0/junit-platform-suite-api-1.10.0.jar:/Users/guilhermenunesteixeira/.m2/repository/org/junit/platform/junit-platform-suite-engine/1.10.0/junit-platform-suite-engine-1.10.0.jar:/Users/guilhermenunesteixeira/.m2/repository/org/junit/platform/junit-platform-suite-commons/1.10.0/junit-platform-suite-commons-1.10.0.jar:/Users/guilhermenunesteixeira/.m2/repository/org/junit/platform/junit-platform-launcher/1.10.0/junit-platform-launcher-1.10.0.jar:/Users/guilhermenunesteixeira/.m2/repository/org/junit/jupiter/junit-jupiter/5.10.0/junit-jupiter-5.10.0.jar:/Users/guilhermenunesteixeira/.m2/repository/org/junit/jupiter/junit-jupiter-api/5.10.0/junit-jupiter-api-5.10.0.jar:/Users/guilhermenunesteixeira/.m2/repository/org/junit/jupiter/junit-jupiter-params/5.10.0/junit-jupiter-params-5.10.0.jar:/Users/guilhermenunesteixeira/.m2/repository/org/junit/jupiter/junit-jupiter-engine/5.10.0/junit-jupiter-engine-5.10.0.jar:"/>
    <property name="java.vm.vendor" value="Homebrew"/>
    <property name="sun.arch.data.model" value="64"/>
    <property name="java.vendor.url" value="https://github.com/Homebrew/homebrew-core/issues"/>
    <property name="user.timezone" value="America/Sao_Paulo"/>
    <property name="os.name" value="Mac OS X"/>
    <property name="java.vm.specification.version" value="17"/>
    <property name="sun.java.launcher" value="SUN_STANDARD"/>
    <property name="user.country" value="BR"/>
    <property name="sun.boot.library.path" value="/usr/local/Cellar/openjdk/17.0.2/libexec/openjdk.jdk/Contents/Home/lib"/>
    <property name="sun.java.command" value="/Users/guilhermenunesteixeira/dev/gnunes.dev/keith/kumu/target/surefire/surefirebooter-20231116220821669_3.jar /Users/guilhermenunesteixeira/dev/gnunes.dev/keith/kumu/target/surefire 2023-11-16T22-08-21_557-jvmRun1 surefire-20231116220821669_1tmp surefire_0-20231116220821669_2tmp"/>
    <property name="http.nonProxyHosts" value="local|*.local|169.254/16|*.169.254/16"/>
    <property name="jdk.debug" value="release"/>
    <property name="surefire.test.class.path" value="/Users/guilhermenunesteixeira/dev/gnunes.dev/keith/kumu/target/test-classes:/Users/guilhermenunesteixeira/dev/gnunes.dev/keith/kumu/target/classes:/Users/guilhermenunesteixeira/.m2/repository/io/cucumber/cucumber-java/7.14.0/cucumber-java-7.14.0.jar:/Users/guilhermenunesteixeira/.m2/repository/io/cucumber/cucumber-core/7.14.0/cucumber-core-7.14.0.jar:/Users/guilhermenunesteixeira/.m2/repository/io/cucumber/cucumber-gherkin/7.14.0/cucumber-gherkin-7.14.0.jar:/Users/guilhermenunesteixeira/.m2/repository/io/cucumber/cucumber-gherkin-messages/7.14.0/cucumber-gherkin-messages-7.14.0.jar:/Users/guilhermenunesteixeira/.m2/repository/io/cucumber/gherkin/26.2.0/gherkin-26.2.0.jar:/Users/guilhermenunesteixeira/.m2/repository/io/cucumber/messages/22.0.0/messages-22.0.0.jar:/Users/guilhermenunesteixeira/.m2/repository/io/cucumber/tag-expressions/5.0.6/tag-expressions-5.0.6.jar:/Users/guilhermenunesteixeira/.m2/repository/io/cucumber/cucumber-expressions/16.1.2/cucumber-expressions-16.1.2.jar:/Users/guilhermenunesteixeira/.m2/repository/io/cucumber/datatable/7.14.0/datatable-7.14.0.jar:/Users/guilhermenunesteixeira/.m2/repository/io/cucumber/cucumber-plugin/7.14.0/cucumber-plugin-7.14.0.jar:/Users/guilhermenunesteixeira/.m2/repository/io/cucumber/docstring/7.14.0/docstring-7.14.0.jar:/Users/guilhermenunesteixeira/.m2/repository/io/cucumber/html-formatter/20.4.0/html-formatter-20.4.0.jar:/Users/guilhermenunesteixeira/.m2/repository/io/cucumber/junit-xml-formatter/0.2.0/junit-xml-formatter-0.2.0.jar:/Users/guilhermenunesteixeira/.m2/repository/io/cucumber/ci-environment/9.2.0/ci-environment-9.2.0.jar:/Users/guilhermenunesteixeira/.m2/repository/org/apiguardian/apiguardian-api/1.1.2/apiguardian-api-1.1.2.jar:/Users/guilhermenunesteixeira/.m2/repository/io/cucumber/cucumber-junit-platform-engine/7.14.0/cucumber-junit-platform-engine-7.14.0.jar:/Users/guilhermenunesteixeira/.m2/repository/org/junit/platform/junit-platform-engine/1.10.0/junit-platform-engine-1.10.0.jar:/Users/guilhermenunesteixeira/.m2/repository/org/opentest4j/opentest4j/1.3.0/opentest4j-1.3.0.jar:/Users/guilhermenunesteixeira/.m2/repository/org/junit/platform/junit-platform-commons/1.10.0/junit-platform-commons-1.10.0.jar:/Users/guilhermenunesteixeira/.m2/repository/org/junit/platform/junit-platform-suite/1.10.0/junit-platform-suite-1.10.0.jar:/Users/guilhermenunesteixeira/.m2/repository/org/junit/platform/junit-platform-suite-api/1.10.0/junit-platform-suite-api-1.10.0.jar:/Users/guilhermenunesteixeira/.m2/repository/org/junit/platform/junit-platform-suite-engine/1.10.0/junit-platform-suite-engine-1.10.0.jar:/Users/guilhermenunesteixeira/.m2/repository/org/junit/platform/junit-platform-suite-commons/1.10.0/junit-platform-suite-commons-1.10.0.jar:/Users/guilhermenunesteixeira/.m2/repository/org/junit/platform/junit-platform-launcher/1.10.0/junit-platform-launcher-1.10.0.jar:/Users/guilhermenunesteixeira/.m2/repository/org/junit/jupiter/junit-jupiter/5.10.0/junit-jupiter-5.10.0.jar:/Users/guilhermenunesteixeira/.m2/repository/org/junit/jupiter/junit-jupiter-api/5.10.0/junit-jupiter-api-5.10.0.jar:/Users/guilhermenunesteixeira/.m2/repository/org/junit/jupiter/junit-jupiter-params/5.10.0/junit-jupiter-params-5.10.0.jar:/Users/guilhermenunesteixeira/.m2/repository/org/junit/jupiter/junit-jupiter-engine/5.10.0/junit-jupiter-engine-5.10.0.jar:"/>
    <property name="sun.cpu.endian" value="little"/>
    <property name="user.home" value="/Users/guilhermenunesteixeira"/>
    <property name="user.language" value="pt"/>
    <property name="java.specification.vendor" value="Oracle Corporation"/>
    <property name="java.version.date" value="2022-01-18"/>
    <property name="java.home" value="/usr/local/Cellar/openjdk/17.0.2/libexec/openjdk.jdk/Contents/Home"/>
    <property name="file.separator" value="/"/>
    <property name="basedir" value="/Users/guilhermenunesteixeira/dev/gnunes.dev/keith/kumu"/>
    <property name="java.vm.compressedOopsMode" value="Zero based"/>
    <property name="line.separator" value="&#10;"/>
    <property name="java.vm.specification.vendor" value="Oracle Corporation"/>
    <property name="java.specification.name" value="Java Platform API Specification"/>
    <property name="surefire.real.class.path" value="/Users/guilhermenunesteixeira/dev/gnunes.dev/keith/kumu/target/surefire/surefirebooter-20231116220821669_3.jar"/>
    <property name="sun.management.compiler" value="HotSpot 64-Bit Tiered Compilers"/>
    <property name="ftp.nonProxyHosts" value="local|*.local|169.254/16|*.169.254/16"/>
    <property name="java.runtime.version" value="17.0.2+0"/>
    <property name="user.name" value="guilhermenunesteixeira"/>
    <property name="path.separator" value=":"/>
    <property name="os.version" value="13.3"/>
    <property name="java.runtime.name" value="OpenJDK Runtime Environment"/>
    <property name="file.encoding" value="UTF-8"/>
    <property name="java.vm.name" value="OpenJDK 64-Bit Server VM"/>
    <property name="java.vendor.version" value="Homebrew"/>
    <property name="localRepository" value="/Users/guilhermenunesteixeira/.m2/repository"/>
    <property name="java.vendor.url.bug" value="https://github.com/Homebrew/homebrew-core/issues"/>
    <property name="java.io.tmpdir" value="/var/folders/x_/7_140rc95xdfmzw88f0gwwp40000gp/T/"/>
    <property name="java.version" value="17.0.2"/>
    <property name="user.dir" value="/Users/guilhermenunesteixeira/dev/gnunes.dev/keith/kumu"/>
    <property name="os.arch" value="x86_64"/>
    <property name="java.vm.specification.name" value="Java Virtual Machine Specification"/>
    <property name="native.encoding" value="UTF-8"/>
    <property name="java.library.path" value="/Users/guilhermenunesteixeira/Library/Java/Extensions:/Library/Java/Extensions:/Network/Library/Java/Extensions:/System/Library/Java/Extensions:/usr/lib/java:."/>
    <property name="java.vm.info" value="mixed mode, sharing"/>
    <property name="java.vendor" value="Homebrew"/>
    <property name="java.vm.version" value="17.0.2+0"/>
    <property name="sun.io.unicode.encoding" value="UnicodeBig"/>
    <property name="socksNonProxyHosts" value="local|*.local|169.254/16|*.169.254/16"/>
    <property name="java.class.version" value="61.0"/>
  </properties>
  <testcase name="Access task form" classname="Adding a task" time="0.067">
    <system-out><![CDATA[
Scenario: Access task form                     &amp#27;[90m# kumu/adding-task.feature:3&amp#27;[0m
  &amp#27;[32mGiven &amp#27;[0m&amp#27;[32mthe user is logged in to add a task&amp#27;[0m    &amp#27;[90m# kumu.StepDefinitions.the_user_is_logged_in_to_add_a_task()&amp#27;[0m
  &amp#27;[32mWhen &amp#27;[0m&amp#27;[32mhe chooses the option to add a new task&amp#27;[0m &amp#27;[90m# kumu.StepDefinitions.he_chooses_the_option_to_add_a_new_task()&amp#27;[0m
  &amp#27;[32mThen &amp#27;[0m&amp#27;[32mhe sees the task form&amp#27;[0m                   &amp#27;[90m# kumu.StepDefinitions.he_sees_the_task_form()&amp#27;[0m
]]></system-out>
    <system-err><![CDATA[Formulário de cadastro de tarefa:
]]></system-err>
  </testcase>
  <testcase name="Adds task" classname="Adding a task" time="0.008">
    <system-out><![CDATA[
Scenario: Adds task                      &amp#27;[90m# kumu/adding-task.feature:8&amp#27;[0m
  &amp#27;[32mGiven &amp#27;[0m&amp#27;[32mthe user is in task form&amp#27;[0m         &amp#27;[90m# kumu.StepDefinitions.the_user_is_in_task_form()&amp#27;[0m
  &amp#27;[32mWhen &amp#27;[0m&amp#27;[32mhe submits the task info&amp#27;[0m          &amp#27;[90m# kumu.StepDefinitions.he_submits_the_task_info()&amp#27;[0m
  &amp#27;[32mThen &amp#27;[0m&amp#27;[32mhe sees the list of pending tasks&amp#27;[0m &amp#27;[90m# kumu.StepDefinitions.he_sees_the_list_of_pending_tasks()&amp#27;[0m
]]></system-out>
    <system-err><![CDATA[Formulário de cadastro de tarefa:
Qual o nome da tarefa?
Qual a prioridade? (0 - Comum, 1 - Prioritária)
Lista de tarefas: 
]]></system-err>
  </testcase>
  <testcase name="Prioritizes a task" classname="Updating a task" time="0.01">
    <system-out><![CDATA[
Scenario: Prioritizes a task                         &amp#27;[90m# kumu/updating-task.feature:3&amp#27;[0m
  &amp#27;[32mGiven &amp#27;[0m&amp#27;[32mthe user is logged in to set a task priority&amp#27;[0m &amp#27;[90m# kumu.StepDefinitions.the_user_is_logged_in_to_set_a_task_priority()&amp#27;[0m
  &amp#27;[32mAnd &amp#27;[0m&amp#27;[32mhe selected a task&amp#27;[0m                             &amp#27;[90m# kumu.StepDefinitions.he_selected_a_task()&amp#27;[0m
  &amp#27;[32mWhen &amp#27;[0m&amp#27;[32mhe fills the priority level field to &amp#27;[0m&amp#27;[32m&amp#27;[1m1&amp#27;[0m        &amp#27;[90m# kumu.StepDefinitions.he_fills_the_priority_level_field_to(java.lang.Integer)&amp#27;[0m
  &amp#27;[32mThen &amp#27;[0m&amp#27;[32mhe sees a message of prioritizing concluded&amp#27;[0m   &amp#27;[90m# kumu.StepDefinitions.he_sees_a_message_of_prioritizing_concluded()&amp#27;[0m
]]></system-out>
    <system-err><![CDATA[Task priorizada com sucesso!
]]></system-err>
  </testcase>
  <testcase name="Finishes a task" classname="Updating a task" time="0.007">
    <system-out><![CDATA[
Scenario: Finishes a task                      &amp#27;[90m# kumu/updating-task.feature:9&amp#27;[0m
  &amp#27;[32mGiven &amp#27;[0m&amp#27;[32mthe user is logged in to finish a task&amp#27;[0m &amp#27;[90m# kumu.StepDefinitions.the_user_is_logged_in_to_finish_a_task()&amp#27;[0m
  &amp#27;[32mAnd &amp#27;[0m&amp#27;[32mhe selected a task&amp#27;[0m                       &amp#27;[90m# kumu.StepDefinitions.he_selected_a_task()&amp#27;[0m
  &amp#27;[32mWhen &amp#27;[0m&amp#27;[32mhe sets the completed field to &amp#27;[0m&amp#27;[32m&amp#27;[1m1&amp#27;[0m        &amp#27;[90m# kumu.StepDefinitions.he_sets_the_completed_field_to(java.lang.Integer)&amp#27;[0m
  &amp#27;[32mThen &amp#27;[0m&amp#27;[32mhe sees a message of task finished&amp#27;[0m      &amp#27;[90m# kumu.StepDefinitions.he_seed_a_message_of_task_finished()&amp#27;[0m
]]></system-out>
    <system-err><![CDATA[Task finalizada com sucesso!
]]></system-err>
  </testcase>
  <testcase name="Access registration form" classname="User registration" time="0.005">
    <system-out><![CDATA[
Scenario: Access registration form         &amp#27;[90m# kumu/user-register.feature:3&amp#27;[0m
  &amp#27;[32mGiven &amp#27;[0m&amp#27;[32mthe user is not registered in kumu&amp#27;[0m &amp#27;[90m# kumu.StepDefinitions.the_user_is_not_registered_in_kumu()&amp#27;[0m
  &amp#27;[32mWhen &amp#27;[0m&amp#27;[32mhe chooses the option to sign in&amp#27;[0m    &amp#27;[90m# kumu.StepDefinitions.he_chooses_the_option_to_sign_in()&amp#27;[0m
  &amp#27;[32mThen &amp#27;[0m&amp#27;[32mhe sees the form&amp#27;[0m                    &amp#27;[90m# kumu.StepDefinitions.he_sees_the_form()&amp#27;[0m
]]></system-out>
    <system-err><![CDATA[Bem vindo ao KUMU!
Formulário de cadastro de usuário:
]]></system-err>
  </testcase>
  <testcase name="Finishes registration" classname="User registration" time="0.008">
    <system-out><![CDATA[
Scenario: Finishes registration              &amp#27;[90m# kumu/user-register.feature:8&amp#27;[0m
  &amp#27;[32mGiven &amp#27;[0m&amp#27;[32mthe user is in the registration form&amp#27;[0m &amp#27;[90m# kumu.StepDefinitions.the_user_is_in_the_registration_form()&amp#27;[0m
  &amp#27;[32mWhen &amp#27;[0m&amp#27;[32mhe fills all the information&amp#27;[0m          &amp#27;[90m# kumu.StepDefinitions.he_fills_all_the_information()&amp#27;[0m
  &amp#27;[32mThen &amp#27;[0m&amp#27;[32mhe authenticates himself in the app&amp#27;[0m   &amp#27;[90m# kumu.StepDefinitions.he_authenticates_himself_in_the_app()&amp#27;[0m
]]></system-out>
    <system-err><![CDATA[Formulário de cadastro de usuário:
Qual seu nome?
Qual seu e-mail?
Qual sua senha?
]]></system-err>
  </testcase>
</testsuite>